[    12.769] (--) Log file renamed from "/home/a/.local/share/xorg/Xorg.pid-1586.log" to "/home/a/.local/share/xorg/Xorg.0.log"
[    12.771] 
X.Org X Server 1.20.8
X Protocol Version 11, Revision 0
[    12.771] Build Operating System: Linux 4.15.0-140-generic x86_64 Ubuntu
[    12.771] Current Operating System: Linux ubuntu 5.4.0-91-generic #102~18.04.1-Ubuntu SMP Thu Nov 11 14:46:36 UTC 2021 x86_64
[    12.771] Kernel command line: BOOT_IMAGE=/boot/vmlinuz-5.4.0-91-generic root=UUID=5e17d199-c49c-437b-8c00-b79357957576 ro find_preseed=/preseed.cfg auto noprompt priority=critical locale=en_US quiet
[    12.771] Build Date: 08 April 2021  01:40:27PM
[    12.771] xorg-server-hwe-18.04 2:1.20.8-2ubuntu2.2~18.04.5 (For technical support please see http://www.ubuntu.com/support) 
[    12.771] Current version of pixman: 0.34.0
[    12.771] 	Before reporting problems, check http://wiki.x.org
	to make sure that you have the latest version.
[    12.771] Markers: (--) probed, (**) from config file, (==) default setting,
	(++) from command line, (!!) notice, (II) informational,
	(WW) warning, (EE) error, (NI) not implemented, (??) unknown.
[    12.771] (==) Log file: "/home/a/.local/share/xorg/Xorg.0.log", Time: Thu Dec  2 08:02:43 2021
[    12.772] (==) Using system config directory "/usr/share/X11/xorg.conf.d"
[    12.773] (==) No Layout section.  Using the first Screen section.
[    12.773] (==) No screen section available. Using defaults.
[    12.773] (**) |-->Screen "Default Screen Section" (0)
[    12.773] (**) |   |-->Monitor "<default monitor>"
[    12.773] (==) No monitor specified for screen "Default Screen Section".
	Using a default monitor configuration.
[    12.773] (==) Automatically adding devices
[    12.773] (==) Automatically enabling devices
[    12.773] (==) Automatically adding GPU devices
[    12.773] (==) Automatically binding GPU devices
[    12.773] (==) Max clients allowed: 256, resource mask: 0x1fffff
[    12.773] (WW) The directory "/usr/share/fonts/X11/cyrillic" does not exist.
[    12.773] 	Entry deleted from font path.
[    12.773] (WW) The directory "/usr/share/fonts/X11/100dpi/" does not exist.
[    12.773] 	Entry deleted from font path.
[    12.773] (WW) The directory "/usr/share/fonts/X11/75dpi/" does not exist.
[    12.773] 	Entry deleted from font path.
[    12.773] (WW) The directory "/usr/share/fonts/X11/100dpi" does not exist.
[    12.773] 	Entry deleted from font path.
[    12.773] (WW) The directory "/usr/share/fonts/X11/75dpi" does not exist.
[    12.773] 	Entry deleted from font path.
[    12.773] (==) FontPath set to:
	/usr/share/fonts/X11/misc,
	/usr/share/fonts/X11/Type1,
	built-ins
[    12.773] (==) ModulePath set to "/usr/lib/xorg/modules"
[    12.773] (II) The server relies on udev to provide the list of input devices.
	If no devices become available, reconfigure udev or disable AutoAddDevices.
[    12.773] (II) Loader magic: 0x5625be84e020
[    12.773] (II) Module ABI versions:
[    12.773] 	X.Org ANSI C Emulation: 0.4
[    12.773] 	X.Org Video Driver: 24.1
[    12.773] 	X.Org XInput driver : 24.1
[    12.773] 	X.Org Server Extension : 10.0
[    12.774] (++) using VT number 2

[    12.776] (II) systemd-logind: took control of session /org/freedesktop/login1/session/_32
[    12.777] (II) xfree86: Adding drm device (/dev/dri/card0)
[    12.778] (II) systemd-logind: got fd for /dev/dri/card0 226:0 fd 12 paused 0
[    12.781] (--) PCI:*(0@0:15:0) 15ad:0405:15ad:0405 rev 0, Mem @ 0xe8000000/134217728, 0xfe000000/8388608, I/O @ 0x00001070/16, BIOS @ 0x????????/131072
[    12.781] (II) LoadModule: "glx"
[    12.782] (II) Loading /usr/lib/xorg/modules/extensions/libglx.so
[    12.786] (II) Module glx: vendor="X.Org Foundation"
[    12.786] 	compiled for 1.20.8, module version = 1.0.0
[    12.786] 	ABI class: X.Org Server Extension, version 10.0
[    12.786] (==) Matched vmware as autoconfigured driver 0
[    12.786] (==) Matched modesetting as autoconfigured driver 1
[    12.786] (==) Matched fbdev as autoconfigured driver 2
[    12.786] (==) Matched vesa as autoconfigured driver 3
[    12.786] (==) Assigned the driver to the xf86ConfigLayout
[    12.786] (II) LoadModule: "vmware"
[    12.786] (II) Loading /usr/lib/xorg/modules/drivers/vmware_drv.so
[    12.833] (II) Module vmware: vendor="X.Org Foundation"
[    12.833] 	compiled for 1.20.1, module version = 13.3.0
[    12.833] 	Module class: X.Org Video Driver
[    12.833] 	ABI class: X.Org Video Driver, version 24.0
[    12.833] (II) LoadModule: "modesetting"
[    12.833] (II) Loading /usr/lib/xorg/modules/drivers/modesetting_drv.so
[    12.834] (II) Module modesetting: vendor="X.Org Foundation"
[    12.834] 	compiled for 1.20.8, module version = 1.20.8
[    12.834] 	Module class: X.Org Video Driver
[    12.834] 	ABI class: X.Org Video Driver, version 24.1
[    12.834] (II) LoadModule: "fbdev"
[    12.834] (II) Loading /usr/lib/xorg/modules/drivers/fbdev_drv.so
[    12.835] (II) Module fbdev: vendor="X.Org Foundation"
[    12.835] 	compiled for 1.20.1, module version = 0.5.0
[    12.835] 	Module class: X.Org Video Driver
[    12.835] 	ABI class: X.Org Video Driver, version 24.0
[    12.835] (II) LoadModule: "vesa"
[    12.835] (II) Loading /usr/lib/xorg/modules/drivers/vesa_drv.so
[    12.835] (II) Module vesa: vendor="X.Org Foundation"
[    12.835] 	compiled for 1.20.1, module version = 2.4.0
[    12.835] 	Module class: X.Org Video Driver
[    12.835] 	ABI class: X.Org Video Driver, version 24.0
[    12.835] (II) vmware: driver for VMware SVGA: vmware0405, vmware0710
[    12.835] (II) modesetting: Driver for Modesetting Kernel Drivers: kms
[    12.835] (II) FBDEV: driver for framebuffer: fbdev
[    12.835] (II) VESA: driver for VESA chipsets: vesa
[    12.835] xf86EnableIOPorts: failed to set IOPL for I/O (Operation not permitted)
[    12.835] (WW) Falling back to old probe method for modesetting
[    12.835] (WW) Falling back to old probe method for fbdev
[    12.835] (II) Loading sub module "fbdevhw"
[    12.835] (II) LoadModule: "fbdevhw"
[    12.835] (II) Loading /usr/lib/xorg/modules/libfbdevhw.so
[    12.836] (II) Module fbdevhw: vendor="X.Org Foundation"
[    12.836] 	compiled for 1.20.8, module version = 0.0.2
[    12.836] 	ABI class: X.Org Video Driver, version 24.1
[    12.836] (EE) open /dev/fb0: Permission denied
[    12.836] (WW) VGA arbiter: cannot open kernel arbiter, no multi-card support
[    12.836] (II) vmware(0): Creating default Display subsection in Screen section
	"Default Screen Section" for depth/fbbpp 24/32
[    12.836] (--) vmware(0): DRM driver version is 2.15.0
[    12.836] (==) vmware(0): Depth 24, (--) framebuffer bpp 32
[    12.836] (==) vmware(0): RGB weight 888
[    12.836] (==) vmware(0): Default visual is TrueColor
[    12.836] (--) vmware(0): Min width 1, Max Width 16384.
[    12.836] (--) vmware(0): Min height 1, Max Height 16384.
[    12.837] (II) vmware(0): Output Virtual1 has no monitor section
[    12.837] (II) vmware(0): Output Virtual2 has no monitor section
[    12.837] (II) vmware(0): Output Virtual3 has no monitor section
[    12.837] (II) vmware(0): Output Virtual4 has no monitor section
[    12.837] (II) vmware(0): Output Virtual5 has no monitor section
[    12.837] (II) vmware(0): Output Virtual6 has no monitor section
[    12.837] (II) vmware(0): Output Virtual7 has no monitor section
[    12.837] (II) vmware(0): Output Virtual8 has no monitor section
[    12.837] (II) vmware(0): Printing probed modes for output Virtual1
[    12.837] (II) vmware(0): Modeline "1238x748"x60.0   74.78  1238 1288 1338 1388  748 798 848 898 -hsync +vsync (53.9 kHz eP)
[    12.837] (II) vmware(0): Modeline "2560x1600"x60.0  348.50  2560 2752 3032 3504  1600 1603 1609 1658 -hsync +vsync (99.5 kHz e)
[    12.837] (II) vmware(0): Modeline "1920x1440"x60.0  234.00  1920 2048 2256 2600  1440 1441 1444 1500 -hsync +vsync (90.0 kHz e)
[    12.837] (II) vmware(0): Modeline "1856x1392"x60.0  218.25  1856 1952 2176 2528  1392 1393 1396 1439 -hsync +vsync (86.3 kHz e)
[    12.837] (II) vmware(0): Modeline "1792x1344"x60.0  204.75  1792 1920 2120 2448  1344 1345 1348 1394 -hsync +vsync (83.6 kHz e)
[    12.837] (II) vmware(0): Modeline "1920x1200"x59.9  193.25  1920 2056 2256 2592  1200 1203 1209 1245 -hsync +vsync (74.6 kHz e)
[    12.837] (II) vmware(0): Modeline "1600x1200"x60.0  162.00  1600 1664 1856 2160  1200 1201 1204 1250 +hsync +vsync (75.0 kHz e)
[    12.837] (II) vmware(0): Modeline "1680x1050"x60.0  146.25  1680 1784 1960 2240  1050 1053 1059 1089 -hsync +vsync (65.3 kHz e)
[    12.837] (II) vmware(0): Modeline "1400x1050"x60.0  121.75  1400 1488 1632 1864  1050 1053 1057 1089 -hsync +vsync (65.3 kHz e)
[    12.837] (II) vmware(0): Modeline "1280x1024"x60.0  108.00  1280 1328 1440 1688  1024 1025 1028 1066 +hsync +vsync (64.0 kHz e)
[    12.837] (II) vmware(0): Modeline "1440x900"x59.9  106.50  1440 1520 1672 1904  900 903 909 934 -hsync +vsync (55.9 kHz e)
[    12.837] (II) vmware(0): Modeline "1280x960"x60.0  108.00  1280 1376 1488 1800  960 961 964 1000 +hsync +vsync (60.0 kHz e)
[    12.837] (II) vmware(0): Modeline "1360x768"x60.0   85.50  1360 1424 1536 1792  768 771 777 795 +hsync +vsync (47.7 kHz e)
[    12.837] (II) vmware(0): Modeline "1280x800"x59.8   83.50  1280 1352 1480 1680  800 803 809 831 +hsync -vsync (49.7 kHz e)
[    12.837] (II) vmware(0): Modeline "1152x864"x75.0  108.00  1152 1216 1344 1600  864 865 868 900 +hsync +vsync (67.5 kHz e)
[    12.837] (II) vmware(0): Modeline "1280x768"x59.9   79.50  1280 1344 1472 1664  768 771 778 798 -hsync +vsync (47.8 kHz e)
[    12.837] (II) vmware(0): Modeline "1024x768"x60.0   65.00  1024 1048 1184 1344  768 771 777 806 -hsync -vsync (48.4 kHz e)
[    12.837] (II) vmware(0): Modeline "800x600"x60.3   40.00  800 840 968 1056  600 601 605 628 +hsync +vsync (37.9 kHz e)
[    12.837] (II) vmware(0): Modeline "640x480"x59.9   25.18  640 656 752 800  480 489 492 525 -hsync -vsync (31.5 kHz e)
[    12.837] (II) vmware(0): EDID for output Virtual2
[    12.837] (II) vmware(0): EDID for output Virtual3
[    12.837] (II) vmware(0): EDID for output Virtual4
[    12.837] (II) vmware(0): EDID for output Virtual5
[    12.837] (II) vmware(0): EDID for output Virtual6
[    12.837] (II) vmware(0): EDID for output Virtual7
[    12.837] (II) vmware(0): EDID for output Virtual8
[    12.837] (II) vmware(0): Output Virtual1 connected
[    12.837] (II) vmware(0): Output Virtual2 disconnected
[    12.837] (II) vmware(0): Output Virtual3 disconnected
[    12.837] (II) vmware(0): Output Virtual4 disconnected
[    12.837] (II) vmware(0): Output Virtual5 disconnected
[    12.837] (II) vmware(0): Output Virtual6 disconnected
[    12.837] (II) vmware(0): Output Virtual7 disconnected
[    12.837] (II) vmware(0): Output Virtual8 disconnected
[    12.837] (II) vmware(0): Using exact sizes for initial modes
[    12.837] (II) vmware(0): Output Virtual1 using initial mode 1238x748 +0+0
[    12.837] (==) vmware(0): DPI set to (96, 96)
[    12.837] (==) vmware(0): Using gamma correction (1.0, 1.0, 1.0)
[    12.837] (II) Loading sub module "fb"
[    12.837] (II) LoadModule: "fb"
[    12.837] (II) Loading /usr/lib/xorg/modules/libfb.so
[    12.839] (II) Module fb: vendor="X.Org Foundation"
[    12.839] 	compiled for 1.20.8, module version = 1.0.0
[    12.839] 	ABI class: X.Org ANSI C Emulation, version 0.4
[    12.839] (II) Loading sub module "dri2"
[    12.839] (II) LoadModule: "dri2"
[    12.839] (II) Module "dri2" already built-in
[    12.839] (II) Loading sub module "dri3"
[    12.839] (II) LoadModule: "dri3"
[    12.839] (II) Module "dri3" already built-in
[    12.839] (II) UnloadModule: "modesetting"
[    12.839] (II) Unloading modesetting
[    12.839] (II) UnloadModule: "fbdev"
[    12.839] (II) Unloading fbdev
[    12.839] (II) UnloadSubModule: "fbdevhw"
[    12.839] (II) Unloading fbdevhw
[    12.839] (II) UnloadModule: "vesa"
[    12.839] (II) Unloading vesa
[    12.840] (II) vmware(0): Initialized VMWARE_CTRL extension version 0.2
[    12.863] (II) vmware(0): Gallium3D XA version: 2.5.0.
[    12.863] (II) vmware(0): Path of drm device is "/dev/dri/card0".
[    12.863] (II) vmware(0): [DRI2] Setup complete
[    12.863] (II) vmware(0): [DRI2]   DRI driver: vmwgfx
[    13.347] (--) vmware(0): Render acceleration is enabled.
[    13.347] (==) vmware(0): Rendercheck mode is disabled.
[    13.347] (--) vmware(0): Direct rendering (DRI2 3D) is enabled.
[    13.347] (--) vmware(0): Direct rendering (DRI3 3D) is enabled.
[    13.347] (==) vmware(0): Direct presents are disabled.
[    13.347] (==) vmware(0): Hardware only presents are automatic per scanout.
[    13.348] (==) vmware(0): Backing store enabled
[    13.348] (==) vmware(0): Silken mouse enabled
[    13.348] (==) vmware(0): DPMS enabled
[    13.349] (II) Initializing extension Generic Event Extension
[    13.349] (II) Initializing extension SHAPE
[    13.349] (II) Initializing extension MIT-SHM
[    13.349] (II) Initializing extension XInputExtension
[    13.350] (II) Initializing extension XTEST
[    13.350] (II) Initializing extension BIG-REQUESTS
[    13.350] (II) Initializing extension SYNC
[    13.350] (II) Initializing extension XKEYBOARD
[    13.350] (II) Initializing extension XC-MISC
[    13.351] (II) Initializing extension SECURITY
[    13.351] (II) Initializing extension XFIXES
[    13.351] (II) Initializing extension RENDER
[    13.351] (II) Initializing extension RANDR
[    13.351] (II) Initializing extension COMPOSITE
[    13.352] (II) Initializing extension DAMAGE
[    13.352] (II) Initializing extension MIT-SCREEN-SAVER
[    13.352] (II) Initializing extension DOUBLE-BUFFER
[    13.352] (II) Initializing extension RECORD
[    13.352] (II) Initializing extension DPMS
[    13.352] (II) Initializing extension Present
[    13.353] (II) Initializing extension DRI3
[    13.353] (II) Initializing extension X-Resource
[    13.353] (II) Initializing extension XVideo
[    13.353] (II) Initializing extension XVideo-MotionCompensation
[    13.353] (II) Initializing extension SELinux
[    13.353] (II) SELinux: Disabled on system
[    13.354] (II) Initializing extension GLX
[    13.363] (II) AIGLX: Loaded and initialized vmwgfx
[    13.363] (II) GLX: Initialized DRI2 GL provider for screen 0
[    13.363] (II) Initializing extension XFree86-VidModeExtension
[    13.363] (II) Initializing extension XFree86-DGA
[    13.363] (II) Initializing extension XFree86-DRI
[    13.363] (II) Initializing extension DRI2
[    13.375] (II) vmware(0): Setting screen physical size to 327 x 197
[    13.426] (II) config/udev: Adding input device Power Button (/dev/input/event0)
[    13.426] (**) Power Button: Applying InputClass "libinput keyboard catchall"
[    13.426] (II) LoadModule: "libinput"
[    13.427] (II) Loading /usr/lib/xorg/modules/input/libinput_drv.so
[    13.429] (II) Module libinput: vendor="X.Org Foundation"
[    13.429] 	compiled for 1.20.1, module version = 0.28.1
[    13.429] 	Module class: X.Org XInput Driver
[    13.429] 	ABI class: X.Org XInput driver, version 24.1
[    13.429] (II) Using input driver 'libinput' for 'Power Button'
[    13.430] (II) systemd-logind: got fd for /dev/input/event0 13:64 fd 24 paused 0
[    13.430] (**) Power Button: always reports core events
[    13.430] (**) Option "Device" "/dev/input/event0"
[    13.430] (**) Option "_source" "server/udev"
[    13.430] (II) event0  - Power Button: is tagged by udev as: Keyboard
[    13.430] (II) event0  - Power Button: device is a keyboard
[    13.430] (II) event0  - Power Button: device removed
[    13.431] (**) Option "config_info" "udev:/sys/devices/LNXSYSTM:00/LNXPWRBN:00/input/input0/event0"
[    13.431] (II) XINPUT: Adding extended input device "Power Button" (type: KEYBOARD, id 6)
[    13.431] (**) Option "xkb_model" "SKIP"
[    13.431] (**) Option "xkb_layout" "us"
[    13.456] (II) event0  - Power Button: is tagged by udev as: Keyboard
[    13.456] (II) event0  - Power Button: device is a keyboard
[    13.456] (II) config/udev: Adding input device VMware VMware Virtual USB Mouse (/dev/input/event4)
[    13.457] (**) VMware VMware Virtual USB Mouse: Applying InputClass "libinput pointer catchall"
[    13.457] (II) Using input driver 'libinput' for 'VMware VMware Virtual USB Mouse'
[    13.515] (II) systemd-logind: got fd for /dev/input/event4 13:68 fd 27 paused 0
[    13.515] (**) VMware VMware Virtual USB Mouse: always reports core events
[    13.515] (**) Option "Device" "/dev/input/event4"
[    13.515] (**) Option "_source" "server/udev"
[    13.516] (II) event4  - VMware VMware Virtual USB Mouse: is tagged by udev as: Mouse
[    13.516] (II) event4  - VMware VMware Virtual USB Mouse: device is a pointer
[    13.516] (II) event4  - VMware VMware Virtual USB Mouse: device removed
[    13.516] (**) Option "config_info" "udev:/sys/devices/pci0000:00/0000:00:11.0/0000:02:00.0/usb2/2-1/2-1:1.0/0003:0E0F:0003.0001/input/input5/event4"
[    13.516] (II) XINPUT: Adding extended input device "VMware VMware Virtual USB Mouse" (type: MOUSE, id 7)
[    13.516] (**) Option "AccelerationScheme" "none"
[    13.516] (**) VMware VMware Virtual USB Mouse: (accel) selected scheme none/0
[    13.516] (**) VMware VMware Virtual USB Mouse: (accel) acceleration factor: 2.000
[    13.516] (**) VMware VMware Virtual USB Mouse: (accel) acceleration threshold: 4
[    13.517] (II) event4  - VMware VMware Virtual USB Mouse: is tagged by udev as: Mouse
[    13.517] (II) event4  - VMware VMware Virtual USB Mouse: device is a pointer
[    13.517] (II) config/udev: Adding input device VMware VMware Virtual USB Mouse (/dev/input/mouse2)
[    13.517] (II) No input driver specified, ignoring this device.
[    13.517] (II) This device may have been added with another device file.
[    13.518] (II) config/udev: Adding input device AT Translated Set 2 keyboard (/dev/input/event1)
[    13.518] (**) AT Translated Set 2 keyboard: Applying InputClass "libinput keyboard catchall"
[    13.518] (II) Using input driver 'libinput' for 'AT Translated Set 2 keyboard'
[    13.519] (II) systemd-logind: got fd for /dev/input/event1 13:65 fd 28 paused 0
[    13.519] (**) AT Translated Set 2 keyboard: always reports core events
[    13.519] (**) Option "Device" "/dev/input/event1"
[    13.519] (**) Option "_source" "server/udev"
[    13.519] (II) event1  - AT Translated Set 2 keyboard: is tagged by udev as: Keyboard
[    13.519] (II) event1  - AT Translated Set 2 keyboard: device is a keyboard
[    13.519] (II) event1  - AT Translated Set 2 keyboard: device removed
[    13.519] (**) Option "config_info" "udev:/sys/devices/platform/i8042/serio0/input/input1/event1"
[    13.519] (II) XINPUT: Adding extended input device "AT Translated Set 2 keyboard" (type: KEYBOARD, id 8)
[    13.519] (**) Option "xkb_model" "SKIP"
[    13.519] (**) Option "xkb_layout" "us"
[    13.519] (II) event1  - AT Translated Set 2 keyboard: is tagged by udev as: Keyboard
[    13.519] (II) event1  - AT Translated Set 2 keyboard: device is a keyboard
[    13.520] (II) config/udev: Adding input device VirtualPS/2 VMware VMMouse (/dev/input/event3)
[    13.520] (**) VirtualPS/2 VMware VMMouse: Applying InputClass "libinput pointer catchall"
[    13.520] (II) Using input driver 'libinput' for 'VirtualPS/2 VMware VMMouse'
[    13.521] (II) systemd-logind: got fd for /dev/input/event3 13:67 fd 29 paused 0
[    13.521] (**) VirtualPS/2 VMware VMMouse: always reports core events
[    13.521] (**) Option "Device" "/dev/input/event3"
[    13.521] (**) Option "_source" "server/udev"
[    13.522] (II) event3  - VirtualPS/2 VMware VMMouse: is tagged by udev as: Mouse
[    13.522] (II) event3  - VirtualPS/2 VMware VMMouse: device is a pointer
[    13.522] (II) event3  - VirtualPS/2 VMware VMMouse: device removed
[    13.522] (**) Option "config_info" "udev:/sys/devices/platform/i8042/serio1/input/input3/event3"
[    13.522] (II) XINPUT: Adding extended input device "VirtualPS/2 VMware VMMouse" (type: MOUSE, id 9)
[    13.522] (**) Option "AccelerationScheme" "none"
[    13.522] (**) VirtualPS/2 VMware VMMouse: (accel) selected scheme none/0
[    13.522] (**) VirtualPS/2 VMware VMMouse: (accel) acceleration factor: 2.000
[    13.522] (**) VirtualPS/2 VMware VMMouse: (accel) acceleration threshold: 4
[    13.522] (II) event3  - VirtualPS/2 VMware VMMouse: is tagged by udev as: Mouse
[    13.522] (II) event3  - VirtualPS/2 VMware VMMouse: device is a pointer
[    13.522] (II) config/udev: Adding input device VirtualPS/2 VMware VMMouse (/dev/input/mouse1)
[    13.522] (II) No input driver specified, ignoring this device.
[    13.522] (II) This device may have been added with another device file.
[    13.523] (II) config/udev: Adding input device VirtualPS/2 VMware VMMouse (/dev/input/event2)
[    13.523] (**) VirtualPS/2 VMware VMMouse: Applying InputClass "libinput pointer catchall"
[    13.523] (II) Using input driver 'libinput' for 'VirtualPS/2 VMware VMMouse'
[    13.524] (II) systemd-logind: got fd for /dev/input/event2 13:66 fd 30 paused 0
[    13.524] (**) VirtualPS/2 VMware VMMouse: always reports core events
[    13.524] (**) Option "Device" "/dev/input/event2"
[    13.524] (**) Option "_source" "server/udev"
[    13.524] (II) event2  - VirtualPS/2 VMware VMMouse: is tagged by udev as: Mouse
[    13.524] (II) event2  - VirtualPS/2 VMware VMMouse: device is a pointer
[    13.524] (II) event2  - VirtualPS/2 VMware VMMouse: device removed
[    13.524] (**) Option "config_info" "udev:/sys/devices/platform/i8042/serio1/input/input4/event2"
[    13.524] (II) XINPUT: Adding extended input device "VirtualPS/2 VMware VMMouse" (type: MOUSE, id 10)
[    13.524] (**) Option "AccelerationScheme" "none"
[    13.524] (**) VirtualPS/2 VMware VMMouse: (accel) selected scheme none/0
[    13.524] (**) VirtualPS/2 VMware VMMouse: (accel) acceleration factor: 2.000
[    13.524] (**) VirtualPS/2 VMware VMMouse: (accel) acceleration threshold: 4
[    13.524] (II) event2  - VirtualPS/2 VMware VMMouse: is tagged by udev as: Mouse
[    13.524] (II) event2  - VirtualPS/2 VMware VMMouse: device is a pointer
[    13.525] (II) config/udev: Adding input device VirtualPS/2 VMware VMMouse (/dev/input/mouse0)
[    13.525] (II) No input driver specified, ignoring this device.
[    13.525] (II) This device may have been added with another device file.
[    31.799] (!!) vmware(0): New layout.
[    31.799] (!!) vmware(0): 0: 0 0 1440 900
[    31.799] (!!) vmware(0): 
